#
# A fatal error has been detected by the Java Runtime Environment:
#
#  EXCEPTION_ACCESS_VIOLATION (0xc0000005) at pc=0x000001954f00112a, pid=9052, tid=8536
#
# JRE version: Java(TM) SE Runtime Environment (17.0.2+8) (build 17.0.2+8-LTS-86)
# Java VM: Java HotSpot(TM) 64-Bit Server VM (17.0.2+8-LTS-86, mixed mode, sharing, tiered, compressed oops, compressed class ptrs, g1 gc, windows-amd64)
# Problematic frame:
# 
[error occurred during error reporting (printing problematic frame), id 0xc0000005, EXCEPTION_ACCESS_VIOLATION (0xc0000005) at pc=0x00007ffff82999f8]

# No core dump will be written. Minidumps are not enabled by default on client versions of Windows
#
# If you would like to submit a bug report, please visit:
#   https://bugreport.java.com/bugreport/crash.jsp
# The crash happened outside the Java Virtual Machine in native code.
# See problematic frame for where to report the bug.
#

---------------  S U M M A R Y ------------

Command Line: -javaagent:C:\Program Files\JetBrains\IntelliJ IDEA Community Edition 2021.3.2\lib\idea_rt.jar=53097:C:\Program Files\JetBrains\IntelliJ IDEA Community Edition 2021.3.2\bin -Dfile.encoding=UTF-8 --module-path=C:\Users\igorv\.m2\repository\org\openjfx\javafx-fxml\17.0.1\javafx-fxml-17.0.1-win.jar;C:\Users\igorv\.m2\repository\org\openjfx\javafx-controls\17.0.1\javafx-controls-17.0.1-win.jar;C:\Users\igorv\IdeaProjects\demo\Ispitni_rokovi\target\classes;C:\Users\igorv\.m2\repository\org\openjfx\javafx-base\17.0.1\javafx-base-17.0.1-win.jar;C:\Users\igorv\.m2\repository\org\openjfx\javafx-graphics\17.0.1\javafx-graphics-17.0.1-win.jar -Djdk.module.main=com.example.ispitni_rokovi com.example.ispitni_rokovi/com.example.ispitni_rokovi.Program

Host: Intel(R) Core(TM) i7-7500U CPU @ 2.70GHz, 4 cores, 7G,  Windows 10 , 64 bit Build 19041 (10.0.19041.1706)
Time: Tue Jun 21 19:52:56 2022 Central European Daylight Time elapsed time: 1.711257 seconds (0d 0h 0m 1s)

---------------  T H R E A D  ---------------

Current thread (0x000001955ed90030):  JavaThread "Thread-1" daemon [_thread_in_native, id=8536, stack(0x0000007e71c00000,0x0000007e71d00000)]

Stack: [0x0000007e71c00000,0x0000007e71d00000]
[error occurred during error reporting (printing stack bounds), id 0xc0000005, EXCEPTION_ACCESS_VIOLATION (0xc0000005) at pc=0x00007ffff82999f8]

Native frames: (J=compiled Java code, j=interpreted, Vv=VM code, C=native code)
C  0x000001954f00112a

Java frames: (J=compiled Java code, j=interpreted, Vv=VM code)

[error occurred during error reporting (printing Java stack), id 0xc0000005, EXCEPTION_ACCESS_VIOLATION (0xc0000005) at pc=0x00007ffff7b767df]


siginfo: EXCEPTION_ACCESS_VIOLATION (0xc0000005), writing address 0x00000000bdbc21c0


Register to memory mapping:

RIP=
[error occurred during error reporting (printing register info), id 0xc0000005, EXCEPTION_ACCESS_VIOLATION (0xc0000005) at pc=0x00007ffff7aabfc9]

Registers:
RAX=0x000000005ede10e0, RBX=0x000001955ede2ca0, RCX=0x000001955ede2ca0, RDX=0x000001955ed902b8
RSP=0x0000007e71cff7c8, RBP=0x000000004f000c10, RSI=0x0000000000000010, RDI=0x00007ff821eff3b0
R8 =0x0000000000000001, R9 =0x0000000000000001, R10=0x000001955e0e42d0, R11=0x0000007e71cff780
R12=0x000000007ffe000c, R13=0x000000007ffe0008, R14=0x0000000000000000, R15=0x0000000000000000
RIP=0x000001954f00112a, EFLAGS=0x0000000000010202

Top of Stack: (sp=0x0000007e71cff7c8)
0x0000007e71cff7c8:   00007ff821eff4c3 000001955ed902d8
0x0000007e71cff7d8:   0000000000000010 000001955eaef2c0
0x0000007e71cff7e8:   0000000000000000 00007ff821eff3b0
0x0000007e71cff7f8:   00007ff8287c2811 00007ff8287dcf40
0x0000007e71cff808:   00007ff8287dcf40 00007ff8287dcf40
0x0000007e71cff818:   0000000000000010 0000000000000000
0x0000007e71cff828:   0000000000000000 0000000000000000
0x0000007e71cff838:   0000000000000000 0000000000000002
0x0000007e71cff848:   000007d97b0fc0d0 0000000000000000
0x0000007e71cff858:   0000000000000000 0000001000000000
0x0000007e71cff868:   0000000000000000 0000000000000000
0x0000007e71cff878:   0000000000000000 0000000000000000
0x0000007e71cff888:   0000000000000000 0000000000000000
0x0000007e71cff898:   0000000000000000 0000000000000000
0x0000007e71cff8a8:   0000000000000000 00000000000005e8
0x0000007e71cff8b8:   00000000000005f4 0000000000000000 

Instructions: (pc=0x000001954f00112a)
0x000001954f00102a:   ff ff ff 49 8b ed 89 7c 24 20 89 5c 24 24 66 66
0x000001954f00103a:   90 e8 c0 12 53 f8 ba 86 ff ff ff 8b e8 e8 b4 12
0x000001954f00104a:   53 f8 49 8b d7 49 ba 20 e9 b7 f7 ff 7f 00 00 41
0x000001954f00105a:   ff d2 0f 1f 40 00 e9 d6 fd ff ff 49 8b d7 49 ba
0x000001954f00106a:   20 e9 b7 f7 ff 7f 00 00 41 ff d2 e9 1f fe ff ff
0x000001954f00107a:   ba 45 ff ff ff 48 89 74 24 20 4c 89 44 24 28 44
0x000001954f00108a:   89 5c 24 30 90 e8 6c 12 53 f8 ba f6 ff ff ff 66
0x000001954f00109a:   90 e8 60 12 53 f8 ba f6 ff ff ff 66 90 e8 54 12
0x000001954f0010aa:   53 f8 49 ba d4 0e 00 4f 95 01 00 00 4d 89 97 58
0x000001954f0010ba:   03 00 00 e9 3e 23 53 f8 f4 f4 f4 f4 f4 f4 f4 f4
0x000001954f0010ca:   f4 f4 f4 f4 f4 f4 f4 f4 f4 f4 f4 f4 f4 f4 f4 f4
0x000001954f0010da:   f4 f4 f4 f4 f4 f4 e9 1b 4c 54 f8 e8 00 00 00 00
0x000001954f0010ea:   48 83 2c 24 05 e9 ac 15 53 f8 f4 f4 f4 f4 28 2a
0x000001954f0010fa:   23 00 08 00 00 00 30 22 23 00 08 00 00 00 ff 09
0x000001954f00110a:   00 00 00 00 00 00 00 00 00 00 00 00 00 00 00 00
0x000001954f00111a:   00 00 04 00 00 02 00 00 c1 01 00 d2 02 00 01 95
0x000001954f00112a:   01 14 00 09 00 d2 02 00 c2 02 00 c1 04 00 00 00
0x000001954f00113a:   00 00 00 00 00 00 00 00 00 03 00 c2 02 00 c9 03
0x000001954f00114a:   00 c1 04 00 01 8a 25 3b 00 04 00 d2 02 00 c9 01
0x000001954f00115a:   00 e1 01 00 d2 02 00 01 95 01 4b 00 02 00 d3 02
0x000001954f00116a:   01 00 00 01 82 01 5e 00 09 00 c2 01 00 c2 02 00
0x000001954f00117a:   00 00 00 00 00 00 00 00 00 00 00 00 00 02 00 c1
0x000001954f00118a:   03 00 d3 02 00 01 0e 6a 7f 00 02 00 00 02 00 00
0x000001954f00119a:   01 09 01 8c 00 01 02 00 00 01 7a 01 97 00 ff ff
0x000001954f0011aa:   ff ff 00 00 00 00 00 00 00 00 00 00 00 00 6c 02
0x000001954f0011ba:   00 00 1f 00 00 00 00 00 00 00 01 00 00 00 88 02
0x000001954f0011ca:   00 00 45 00 00 00 00 00 00 00 00 00 00 00 a0 02
0x000001954f0011da:   00 00 58 00 00 00 00 00 00 00 01 00 00 00 ac 02
0x000001954f0011ea:   00 00 64 00 00 00 00 00 00 00 00 00 00 00 f4 02
0x000001954f0011fa:   00 00 86 00 00 00 00 00 00 00 01 00 00 00 00 03
0x000001954f00120a:   00 00 91 00 00 00 00 00 00 00 00 00 00 00 0c 03
0x000001954f00121a:   00 00 9a 00 00 00 00 00 00 00 01 00 00 00 59 03 



[error occurred during error reporting (inspecting top of stack), id 0xc0000005, EXCEPTION_ACCESS_VIOLATION (0xc0000005) at pc=0x00007ffff82999f8]


[error occurred during error reporting (printing code blob if possible), id 0xc0000005, EXCEPTION_ACCESS_VIOLATION (0xc0000005) at pc=0x00007ffff7b51bdd]


---------------  P R O C E S S  ---------------

Threads class SMR info:
_java_thread_list=0x000001955eef7ea0, length=16, elements={
0x000001953fc7e220, 0x000001955d414a90, 0x000001955d415900, 0x000001955d426c80,
0x000001955d429550, 0x000001955d429f00, 0x000001955d42a8b0, 0x000001955d42ba50,
0x000001955d42c4f0, 0x000001955d4a2b50, 0x000001955e0337c0, 0x000001955e8a9830,
0x000001955e7ca270, 0x000001955eb4cb00, 0x000001955ed90030, 0x000001955ed89d90
}

Java Threads: ( => current thread )
  0x000001953fc7e220 JavaThread "main" [_thread_blocked, id=16244, stack(0x0000007e6ff00000,0x0000007e70000000)]
  0x000001955d414a90 JavaThread "Reference Handler" daemon [_thread_blocked, id=8444, stack(0x0000007e70600000,0x0000007e70700000)]
  0x000001955d415900 JavaThread "Finalizer" daemon [_thread_blocked, id=13176, stack(0x0000007e70700000,0x0000007e70800000)]
  0x000001955d426c80 JavaThread "Signal Dispatcher" daemon [_thread_blocked, id=5808, stack(0x0000007e70800000,0x0000007e70900000)]
  0x000001955d429550 JavaThread "Attach Listener" daemon [_thread_blocked, id=14204, stack(0x0000007e70900000,0x0000007e70a00000)]
  0x000001955d429f00 JavaThread "Service Thread" daemon [_thread_blocked, id=8920, stack(0x0000007e70a00000,0x0000007e70b00000)]
  0x000001955d42a8b0 JavaThread "Monitor Deflation Thread" daemon [_thread_blocked, id=11276, stack(0x0000007e70b00000,0x0000007e70c00000)]
  0x000001955d42ba50 JavaThread "C2 CompilerThread0" daemon [_thread_blocked, id=12564, stack(0x0000007e70c00000,0x0000007e70d00000)]
  0x000001955d42c4f0 JavaThread "C1 CompilerThread0" daemon [_thread_blocked, id=11956, stack(0x0000007e70d00000,0x0000007e70e00000)]
  0x000001955d4a2b50 JavaThread "Sweeper thread" daemon [_thread_blocked, id=13080, stack(0x0000007e70e00000,0x0000007e70f00000)]
  0x000001955e0337c0 JavaThread "Common-Cleaner" daemon [_thread_blocked, id=11744, stack(0x0000007e70f00000,0x0000007e71000000)]
  0x000001955e8a9830 JavaThread "Monitor Ctrl-Break" daemon [_thread_in_native, id=9536, stack(0x0000007e71100000,0x0000007e71200000)]
  0x000001955e7ca270 JavaThread "Notification Thread" daemon [_thread_blocked, id=14540, stack(0x0000007e71200000,0x0000007e71300000)]
  0x000001955eb4cb00 JavaThread "InvokeLaterDispatcher" daemon [_thread_blocked, id=9972, stack(0x0000007e71700000,0x0000007e71800000)]
=>0x000001955ed90030 JavaThread "Thread-1" daemon [_thread_in_native, id=8536, stack(0x0000007e71c00000,0x0000007e71d00000)]
  0x000001955ed89d90 JavaThread "C2 CompilerThread1" daemon [_thread_in_native, id=10932, stack(0x0000007e71e00000,0x0000007e71f00000)]

Other Threads:
  0x000001955d40f1d0 VMThread "VM Thread" [stack: 0x0000007e70500000,0x0000007e70600000] [id=11476]
  0x000001955e2cb210 WatcherThread [stack: 0x0000007e71300000,0x0000007e71400000] [id=14868]
  0x000001953fcbc320 GCTaskThread "GC Thread#0" [stack: 0x0000007e70000000,0x0000007e70100000] [id=17084]
  0x000001955e674220 GCTaskThread "GC Thread#1" [stack: 0x0000007e71400000,0x0000007e71500000] [id=4660]
  0x000001955e73a240 GCTaskThread "GC Thread#2" [stack: 0x0000007e71500000,0x0000007e71600000] [id=2424]
  0x000001955eb00fb0 GCTaskThread "GC Thread#3" [stack: 0x0000007e71600000,0x0000007e71700000] [id=12700]
  0x000001953fccce60 ConcurrentGCThread "G1 Main Marker" [stack: 0x0000007e70100000,0x0000007e70200000] [id=9600]
  0x000001953fccd870 ConcurrentGCThread "G1 Conc#0" [stack: 0x0000007e70200000,0x0000007e70300000] [id=5364]
  0x000001953fd45300 ConcurrentGCThread "G1 Refine#0" [stack: 0x0000007e70300000,0x0000007e70400000] [id=2452]
  0x000001953fd45d20 ConcurrentGCThread "G1 Service" [stack: 0x0000007e70400000,0x0000007e70500000] [id=10196]

Threads with active compile tasks:
C2 CompilerThread1     1741 1213   !   4       com.sun.javafx.css.ParsedValueImpl::readBinary (688 bytes)

VM state: not at safepoint (normal execution)

VM Mutex/Monitor currently owned by a thread: None

Heap address: 0x0000000082000000, size: 2016 MB, Compressed Oops mode: 32-bit

CDS archive(s) mapped at: [0x0000000800000000-0x0000000800bc0000-0x0000000800bc0000), size 12320768, SharedBaseAddress: 0x0000000800000000, ArchiveRelocationMode: 0.
Compressed class space mapped at: 0x0000000800c00000-0x0000000840c00000, reserved size: 1073741824
Narrow klass base: 0x0000000800000000, Narrow klass shift: 0, Narrow klass range: 0x100000000

GC Precious Log:
 CPUs: 4 total, 4 available
 Memory: 8060M
 Large Page Support: Disabled
 NUMA Support: Disabled
 Compressed Oops: Enabled (32-bit)
 Heap Region Size: 1M
 Heap Min Capacity: 8M
 Heap Initial Capacity: 126M
 Heap Max Capacity: 2016M
 Pre-touch: Disabled
 Parallel Workers: 4
 Concurrent Workers: 1
 Concurrent Refinement Workers: 4
 Periodic GC: Disabled

Heap:
 garbage-first heap   total 129024K, used 42120K [0x0000000082000000, 0x0000000100000000)
  region size 1024K, 12 young (12288K), 3 survivors (3072K)
 Metaspace       used 9777K, committed 9984K, reserved 1064960K
  class space    used 1298K, committed 1408K, reserved 1048576K

Heap Regions: E=young(eden), S=young(survivor), O=old, HS=humongous(starts), HC=humongous(continues), CS=collection set, F=free, OA=open archive, CA=closed archive, TAMS=top-at-mark-start (previous, next)
|   0|0x0000000082000000, 0x0000000082100000, 0x0000000082100000|100%|HS|  |TAMS 0x0000000082000000, 0x0000000082000000| Complete 
|   1|0x0000000082100000, 0x0000000082200000, 0x0000000082200000|100%|HC|  |TAMS 0x0000000082100000, 0x0000000082100000| Complete 
|   2|0x0000000082200000, 0x0000000082300000, 0x0000000082300000|100%|HC|  |TAMS 0x0000000082200000, 0x0000000082200000| Complete 
|   3|0x0000000082300000, 0x0000000082400000, 0x0000000082400000|100%|HC|  |TAMS 0x0000000082300000, 0x0000000082300000| Complete 
|   4|0x0000000082400000, 0x0000000082500000, 0x0000000082500000|100%|HC|  |TAMS 0x0000000082400000, 0x0000000082400000| Complete 
|   5|0x0000000082500000, 0x0000000082600000, 0x0000000082600000|100%|HC|  |TAMS 0x0000000082500000, 0x0000000082500000| Complete 
|   6|0x0000000082600000, 0x0000000082700000, 0x0000000082700000|100%|HC|  |TAMS 0x0000000082600000, 0x0000000082600000| Complete 
|   7|0x0000000082700000, 0x0000000082800000, 0x0000000082800000|100%|HC|  |TAMS 0x0000000082700000, 0x0000000082700000| Complete 
|   8|0x0000000082800000, 0x0000000082900000, 0x0000000082900000|100%| O|  |TAMS 0x0000000082800000, 0x0000000082800000| Untracked 
|   9|0x0000000082900000, 0x00000000829d0200, 0x0000000082a00000| 81%| O|  |TAMS 0x0000000082900000, 0x0000000082900000| Untracked 
|  10|0x0000000082a00000, 0x0000000082b00000, 0x0000000082b00000|100%|HS|  |TAMS 0x0000000082a00000, 0x0000000082a00000| Complete 
|  11|0x0000000082b00000, 0x0000000082c00000, 0x0000000082c00000|100%|HC|  |TAMS 0x0000000082b00000, 0x0000000082b00000| Complete 
|  12|0x0000000082c00000, 0x0000000082d00000, 0x0000000082d00000|100%|HC|  |TAMS 0x0000000082c00000, 0x0000000082c00000| Complete 
|  13|0x0000000082d00000, 0x0000000082e00000, 0x0000000082e00000|100%|HC|  |TAMS 0x0000000082d00000, 0x0000000082d00000| Complete 
|  14|0x0000000082e00000, 0x0000000082f00000, 0x0000000082f00000|100%|HC|  |TAMS 0x0000000082e00000, 0x0000000082e00000| Complete 
|  15|0x0000000082f00000, 0x0000000083000000, 0x0000000083000000|100%|HC|  |TAMS 0x0000000082f00000, 0x0000000082f00000| Complete 
|  16|0x0000000083000000, 0x0000000083100000, 0x0000000083100000|100%|HC|  |TAMS 0x0000000083000000, 0x0000000083000000| Complete 
|  17|0x0000000083100000, 0x0000000083200000, 0x0000000083200000|100%|HC|  |TAMS 0x0000000083100000, 0x0000000083100000| Complete 
|  18|0x0000000083200000, 0x0000000083300000, 0x0000000083300000|100%|HC|  |TAMS 0x0000000083200000, 0x0000000083200000| Complete 
|  19|0x0000000083300000, 0x0000000083400000, 0x0000000083400000|100%|HC|  |TAMS 0x0000000083300000, 0x0000000083300000| Complete 
|  20|0x0000000083400000, 0x0000000083500000, 0x0000000083500000|100%|HC|  |TAMS 0x0000000083400000, 0x0000000083400000| Complete 
|  21|0x0000000083500000, 0x0000000083600000, 0x0000000083600000|100%|HC|  |TAMS 0x0000000083500000, 0x0000000083500000| Complete 
|  22|0x0000000083600000, 0x0000000083700000, 0x0000000083700000|100%|HC|  |TAMS 0x0000000083600000, 0x0000000083600000| Complete 
|  23|0x0000000083700000, 0x0000000083800000, 0x0000000083800000|100%|HC|  |TAMS 0x0000000083700000, 0x0000000083700000| Complete 
|  24|0x0000000083800000, 0x0000000083900000, 0x0000000083900000|100%|HC|  |TAMS 0x0000000083800000, 0x0000000083800000| Complete 
|  25|0x0000000083900000, 0x0000000083a00000, 0x0000000083a00000|100%|HC|  |TAMS 0x0000000083900000, 0x0000000083900000| Complete 
|  26|0x0000000083a00000, 0x0000000083b00000, 0x0000000083b00000|100%|HC|  |TAMS 0x0000000083a00000, 0x0000000083a00000| Complete 
|  27|0x0000000083b00000, 0x0000000083c00000, 0x0000000083c00000|100%|HC|  |TAMS 0x0000000083b00000, 0x0000000083b00000| Complete 
|  28|0x0000000083c00000, 0x0000000083d00000, 0x0000000083d00000|100%|HC|  |TAMS 0x0000000083c00000, 0x0000000083c00000| Complete 
|  29|0x0000000083d00000, 0x0000000083e00000, 0x0000000083e00000|100%|HC|  |TAMS 0x0000000083d00000, 0x0000000083d00000| Complete 
|  30|0x0000000083e00000, 0x0000000083f00000, 0x0000000083f00000|100%|HC|  |TAMS 0x0000000083e00000, 0x0000000083e00000| Complete 
|  31|0x0000000083f00000, 0x0000000083f00000, 0x0000000084000000|  0%| F|  |TAMS 0x0000000083f00000, 0x0000000083f00000| Untracked 
|  32|0x0000000084000000, 0x0000000084000000, 0x0000000084100000|  0%| F|  |TAMS 0x0000000084000000, 0x0000000084000000| Untracked 
|  33|0x0000000084100000, 0x0000000084100000, 0x0000000084200000|  0%| F|  |TAMS 0x0000000084100000, 0x0000000084100000| Untracked 
|  34|0x0000000084200000, 0x0000000084200000, 0x0000000084300000|  0%| F|  |TAMS 0x0000000084200000, 0x0000000084200000| Untracked 
|  35|0x0000000084300000, 0x0000000084300000, 0x0000000084400000|  0%| F|  |TAMS 0x0000000084300000, 0x0000000084300000| Untracked 
|  36|0x0000000084400000, 0x0000000084400000, 0x0000000084500000|  0%| F|  |TAMS 0x0000000084400000, 0x0000000084400000| Untracked 
|  37|0x0000000084500000, 0x0000000084500000, 0x0000000084600000|  0%| F|  |TAMS 0x0000000084500000, 0x0000000084500000| Untracked 
|  38|0x0000000084600000, 0x0000000084600000, 0x0000000084700000|  0%| F|  |TAMS 0x0000000084600000, 0x0000000084600000| Untracked 
|  39|0x0000000084700000, 0x0000000084700000, 0x0000000084800000|  0%| F|  |TAMS 0x0000000084700000, 0x0000000084700000| Untracked 
|  40|0x0000000084800000, 0x0000000084800000, 0x0000000084900000|  0%| F|  |TAMS 0x0000000084800000, 0x0000000084800000| Untracked 
|  41|0x0000000084900000, 0x0000000084900000, 0x0000000084a00000|  0%| F|  |TAMS 0x0000000084900000, 0x0000000084900000| Untracked 
|  42|0x0000000084a00000, 0x0000000084a00000, 0x0000000084b00000|  0%| F|  |TAMS 0x0000000084a00000, 0x0000000084a00000| Untracked 
|  43|0x0000000084b00000, 0x0000000084b00000, 0x0000000084c00000|  0%| F|  |TAMS 0x0000000084b00000, 0x0000000084b00000| Untracked 
|  44|0x0000000084c00000, 0x0000000084c00000, 0x0000000084d00000|  0%| F|  |TAMS 0x0000000084c00000, 0x0000000084c00000| Untracked 
|  45|0x0000000084d00000, 0x0000000084d00000, 0x0000000084e00000|  0%| F|  |TAMS 0x0000000084d00000, 0x0000000084d00000| Untracked 
|  46|0x0000000084e00000, 0x0000000084e00000, 0x0000000084f00000|  0%| F|  |TAMS 0x0000000084e00000, 0x0000000084e00000| Untracked 
|  47|0x0000000084f00000, 0x0000000084f00000, 0x0000000085000000|  0%| F|  |TAMS 0x0000000084f00000, 0x0000000084f00000| Untracked 
|  48|0x0000000085000000, 0x0000000085000000, 0x0000000085100000|  0%| F|  |TAMS 0x0000000085000000, 0x0000000085000000| Untracked 
|  49|0x0000000085100000, 0x0000000085100000, 0x0000000085200000|  0%| F|  |TAMS 0x0000000085100000, 0x0000000085100000| Untracked 
|  50|0x0000000085200000, 0x0000000085200000, 0x0000000085300000|  0%| F|  |TAMS 0x0000000085200000, 0x0000000085200000| Untracked 
|  51|0x0000000085300000, 0x0000000085300000, 0x0000000085400000|  0%| F|  |TAMS 0x0000000085300000, 0x0000000085300000| Untracked 
|  52|0x0000000085400000, 0x0000000085400000, 0x0000000085500000|  0%| F|  |TAMS 0x0000000085400000, 0x0000000085400000| Untracked 
|  53|0x0000000085500000, 0x0000000085500000, 0x0000000085600000|  0%| F|  |TAMS 0x0000000085500000, 0x0000000085500000| Untracked 
|  54|0x0000000085600000, 0x0000000085600000, 0x0000000085700000|  0%| F|  |TAMS 0x0000000085600000, 0x0000000085600000| Untracked 
|  55|0x0000000085700000, 0x0000000085700000, 0x0000000085800000|  0%| F|  |TAMS 0x0000000085700000, 0x0000000085700000| Untracked 
|  56|0x0000000085800000, 0x0000000085800000, 0x0000000085900000|  0%| F|  |TAMS 0x0000000085800000, 0x0000000085800000| Untracked 
|  57|0x0000000085900000, 0x0000000085900000, 0x0000000085a00000|  0%| F|  |TAMS 0x0000000085900000, 0x0000000085900000| Untracked 
|  58|0x0000000085a00000, 0x0000000085a00000, 0x0000000085b00000|  0%| F|  |TAMS 0x0000000085a00000, 0x0000000085a00000| Untracked 
|  59|0x0000000085b00000, 0x0000000085b00000, 0x0000000085c00000|  0%| F|  |TAMS 0x0000000085b00000, 0x0000000085b00000| Untracked 
|  60|0x0000000085c00000, 0x0000000085c00000, 0x0000000085d00000|  0%| F|  |TAMS 0x0000000085c00000, 0x0000000085c00000| Untracked 
|  61|0x0000000085d00000, 0x0000000085d00000, 0x0000000085e00000|  0%| F|  |TAMS 0x0000000085d00000, 0x0000000085d00000| Untracked 
|  62|0x0000000085e00000, 0x0000000085e00000, 0x0000000085f00000|  0%| F|  |TAMS 0x0000000085e00000, 0x0000000085e00000| Untracked 
|  63|0x0000000085f00000, 0x0000000085f00000, 0x0000000086000000|  0%| F|  |TAMS 0x0000000085f00000, 0x0000000085f00000| Untracked 
|  64|0x0000000086000000, 0x0000000086000000, 0x0000000086100000|  0%| F|  |TAMS 0x0000000086000000, 0x0000000086000000| Untracked 
|  65|0x0000000086100000, 0x0000000086100000, 0x0000000086200000|  0%| F|  |TAMS 0x0000000086100000, 0x0000000086100000| Untracked 
|  66|0x0000000086200000, 0x0000000086200000, 0x0000000086300000|  0%| F|  |TAMS 0x0000000086200000, 0x0000000086200000| Untracked 
|  67|0x0000000086300000, 0x0000000086300000, 0x0000000086400000|  0%| F|  |TAMS 0x0000000086300000, 0x0000000086300000| Untracked 
|  68|0x0000000086400000, 0x0000000086400000, 0x0000000086500000|  0%| F|  |TAMS 0x0000000086400000, 0x0000000086400000| Untracked 
|  69|0x0000000086500000, 0x0000000086500000, 0x0000000086600000|  0%| F|  |TAMS 0x0000000086500000, 0x0000000086500000| Untracked 
|  70|0x0000000086600000, 0x0000000086600000, 0x0000000086700000|  0%| F|  |TAMS 0x0000000086600000, 0x0000000086600000| Untracked 
|  71|0x0000000086700000, 0x0000000086700000, 0x0000000086800000|  0%| F|  |TAMS 0x0000000086700000, 0x0000000086700000| Untracked 
|  72|0x0000000086800000, 0x0000000086800000, 0x0000000086900000|  0%| F|  |TAMS 0x0000000086800000, 0x0000000086800000| Untracked 
|  73|0x0000000086900000, 0x0000000086900000, 0x0000000086a00000|  0%| F|  |TAMS 0x0000000086900000, 0x0000000086900000| Untracked 
|  74|0x0000000086a00000, 0x0000000086a00000, 0x0000000086b00000|  0%| F|  |TAMS 0x0000000086a00000, 0x0000000086a00000| Untracked 
|  75|0x0000000086b00000, 0x0000000086b00000, 0x0000000086c00000|  0%| F|  |TAMS 0x0000000086b00000, 0x0000000086b00000| Untracked 
|  76|0x0000000086c00000, 0x0000000086c00000, 0x0000000086d00000|  0%| F|  |TAMS 0x0000000086c00000, 0x0000000086c00000| Untracked 
|  77|0x0000000086d00000, 0x0000000086d00000, 0x0000000086e00000|  0%| F|  |TAMS 0x0000000086d00000, 0x0000000086d00000| Untracked 
|  78|0x0000000086e00000, 0x0000000086e00000, 0x0000000086f00000|  0%| F|  |TAMS 0x0000000086e00000, 0x0000000086e00000| Untracked 
|  79|0x0000000086f00000, 0x0000000086f00000, 0x0000000087000000|  0%| F|  |TAMS 0x0000000086f00000, 0x0000000086f00000| Untracked 
|  80|0x0000000087000000, 0x0000000087000000, 0x0000000087100000|  0%| F|  |TAMS 0x0000000087000000, 0x0000000087000000| Untracked 
|  81|0x0000000087100000, 0x0000000087100000, 0x0000000087200000|  0%| F|  |TAMS 0x0000000087100000, 0x0000000087100000| Untracked 
|  82|0x0000000087200000, 0x0000000087200000, 0x0000000087300000|  0%| F|  |TAMS 0x0000000087200000, 0x0000000087200000| Untracked 
|  83|0x0000000087300000, 0x0000000087300000, 0x0000000087400000|  0%| F|  |TAMS 0x0000000087300000, 0x0000000087300000| Untracked 
|  84|0x0000000087400000, 0x0000000087400000, 0x0000000087500000|  0%| F|  |TAMS 0x0000000087400000, 0x0000000087400000| Untracked 
|  85|0x0000000087500000, 0x0000000087500000, 0x0000000087600000|  0%| F|  |TAMS 0x0000000087500000, 0x0000000087500000| Untracked 
|  86|0x0000000087600000, 0x0000000087600000, 0x0000000087700000|  0%| F|  |TAMS 0x0000000087600000, 0x0000000087600000| Untracked 
|  87|0x0000000087700000, 0x0000000087700000, 0x0000000087800000|  0%| F|  |TAMS 0x0000000087700000, 0x0000000087700000| Untracked 
|  88|0x0000000087800000, 0x0000000087800000, 0x0000000087900000|  0%| F|  |TAMS 0x0000000087800000, 0x0000000087800000| Untracked 
|  89|0x0000000087900000, 0x0000000087900000, 0x0000000087a00000|  0%| F|  |TAMS 0x0000000087900000, 0x0000000087900000| Untracked 
|  90|0x0000000087a00000, 0x0000000087a00000, 0x0000000087b00000|  0%| F|  |TAMS 0x0000000087a00000, 0x0000000087a00000| Untracked 
|  91|0x0000000087b00000, 0x0000000087b00000, 0x0000000087c00000|  0%| F|  |TAMS 0x0000000087b00000, 0x0000000087b00000| Untracked 
|  92|0x0000000087c00000, 0x0000000087c00000, 0x0000000087d00000|  0%| F|  |TAMS 0x0000000087c00000, 0x0000000087c00000| Untracked 
|  93|0x0000000087d00000, 0x0000000087d00000, 0x0000000087e00000|  0%| F|  |TAMS 0x0000000087d00000, 0x0000000087d00000| Untracked 
|  94|0x0000000087e00000, 0x0000000087e00000, 0x0000000087f00000|  0%| F|  |TAMS 0x0000000087e00000, 0x0000000087e00000| Untracked 
|  95|0x0000000087f00000, 0x0000000087f00000, 0x0000000088000000|  0%| F|  |TAMS 0x0000000087f00000, 0x0000000087f00000| Untracked 
|  96|0x0000000088000000, 0x0000000088000000, 0x0000000088100000|  0%| F|  |TAMS 0x0000000088000000, 0x0000000088000000| Untracked 
|  97|0x0000000088100000, 0x0000000088100000, 0x0000000088200000|  0%| F|  |TAMS 0x0000000088100000, 0x0000000088100000| Untracked 
|  98|0x0000000088200000, 0x0000000088200000, 0x0000000088300000|  0%| F|  |TAMS 0x0000000088200000, 0x0000000088200000| Untracked 
|  99|0x0000000088300000, 0x0000000088300000, 0x0000000088400000|  0%| F|  |TAMS 0x0000000088300000, 0x0000000088300000| Untracked 
| 100|0x0000000088400000, 0x0000000088400000, 0x0000000088500000|  0%| F|  |TAMS 0x0000000088400000, 0x0000000088400000| Untracked 
| 101|0x0000000088500000, 0x0000000088500000, 0x0000000088600000|  0%| F|  |TAMS 0x0000000088500000, 0x0000000088500000| Untracked 
| 102|0x0000000088600000, 0x0000000088600000, 0x0000000088700000|  0%| F|  |TAMS 0x0000000088600000, 0x0000000088600000| Untracked 
| 103|0x0000000088700000, 0x0000000088700000, 0x0000000088800000|  0%| F|  |TAMS 0x0000000088700000, 0x0000000088700000| Untracked 
| 104|0x0000000088800000, 0x0000000088851ec8, 0x0000000088900000| 32%| S|CS|TAMS 0x0000000088800000, 0x0000000088800000| Complete 
| 105|0x0000000088900000, 0x0000000088a00000, 0x0000000088a00000|100%| S|CS|TAMS 0x0000000088900000, 0x0000000088900000| Complete 
| 106|0x0000000088a00000, 0x0000000088b00000, 0x0000000088b00000|100%| S|CS|TAMS 0x0000000088a00000, 0x0000000088a00000| Complete 
| 107|0x0000000088b00000, 0x0000000088b00000, 0x0000000088c00000|  0%| F|  |TAMS 0x0000000088b00000, 0x0000000088b00000| Untracked 
| 108|0x0000000088c00000, 0x0000000088c00000, 0x0000000088d00000|  0%| F|  |TAMS 0x0000000088c00000, 0x0000000088c00000| Untracked 
| 109|0x0000000088d00000, 0x0000000088d00000, 0x0000000088e00000|  0%| F|  |TAMS 0x0000000088d00000, 0x0000000088d00000| Untracked 
| 110|0x0000000088e00000, 0x0000000088e00000, 0x0000000088f00000|  0%| F|  |TAMS 0x0000000088e00000, 0x0000000088e00000| Untracked 
| 111|0x0000000088f00000, 0x0000000088f00000, 0x0000000089000000|  0%| F|  |TAMS 0x0000000088f00000, 0x0000000088f00000| Untracked 
| 112|0x0000000089000000, 0x0000000089000000, 0x0000000089100000|  0%| F|  |TAMS 0x0000000089000000, 0x0000000089000000| Untracked 
| 113|0x0000000089100000, 0x0000000089100000, 0x0000000089200000|  0%| F|  |TAMS 0x0000000089100000, 0x0000000089100000| Untracked 
| 114|0x0000000089200000, 0x0000000089200000, 0x0000000089300000|  0%| F|  |TAMS 0x0000000089200000, 0x0000000089200000| Untracked 
| 115|0x0000000089300000, 0x0000000089300000, 0x0000000089400000|  0%| F|  |TAMS 0x0000000089300000, 0x0000000089300000| Untracked 
| 116|0x0000000089400000, 0x0000000089400000, 0x0000000089500000|  0%| F|  |TAMS 0x0000000089400000, 0x0000000089400000| Untracked 
| 117|0x0000000089500000, 0x0000000089600000, 0x0000000089600000|100%| E|  |TAMS 0x0000000089500000, 0x0000000089500000| Complete 
| 118|0x0000000089600000, 0x0000000089700000, 0x0000000089700000|100%| E|CS|TAMS 0x0000000089600000, 0x0000000089600000| Complete 
| 119|0x0000000089700000, 0x0000000089800000, 0x0000000089800000|100%| E|CS|TAMS 0x0000000089700000, 0x0000000089700000| Complete 
| 120|0x0000000089800000, 0x0000000089900000, 0x0000000089900000|100%| E|CS|TAMS 0x0000000089800000, 0x0000000089800000| Complete 
| 121|0x0000000089900000, 0x0000000089a00000, 0x0000000089a00000|100%| E|CS|TAMS 0x0000000089900000, 0x0000000089900000| Complete 
| 122|0x0000000089a00000, 0x0000000089b00000, 0x0000000089b00000|100%| E|CS|TAMS 0x0000000089a00000, 0x0000000089a00000| Complete 
| 123|0x0000000089b00000, 0x0000000089c00000, 0x0000000089c00000|100%| E|CS|TAMS 0x0000000089b00000, 0x0000000089b00000| Complete 
| 124|0x0000000089c00000, 0x0000000089d00000, 0x0000000089d00000|100%| E|CS|TAMS 0x0000000089c00000, 0x0000000089c00000| Complete 
| 125|0x0000000089d00000, 0x0000000089e00000, 0x0000000089e00000|100%| E|CS|TAMS 0x0000000089d00000, 0x0000000089d00000| Complete 

Card table byte_map: [0x00000195568d0000,0x0000019556cc0000] _byte_map_base: 0x00000195564c0000

Marking Bits (Prev, Next): (CMBitMap*) 0x000001953fcbc930, (CMBitMap*) 0x000001953fcbc970
 Prev Bits: [0x00000195570b0000, 0x0000019559030000)
 Next Bits: [0x0000019559030000, 0x000001955afb0000)

Polling page: 0x000001953dbf0000

Metaspace:

Usage:
  Non-class:      8.28 MB used.
      Class:      1.27 MB used.
       Both:      9.55 MB used.

Virtual space:
  Non-class space:       16.00 MB reserved,       8.38 MB ( 52%) committed,  2 nodes.
      Class space:        1.00 GB reserved,       1.38 MB ( <1%) committed,  1 nodes.
             Both:        1.02 GB reserved,       9.75 MB ( <1%) committed. 

Chunk freelists:
   Non-Class:  3.10 MB
       Class:  2.55 MB
        Both:  5.64 MB

MaxMetaspaceSize: unlimited
CompressedClassSpaceSize: 1.00 GB
Initial GC threshold: 21.00 MB
Current GC threshold: 21.00 MB
CDS: on
MetaspaceReclaimPolicy: balanced
 - commit_granule_bytes: 65536.
 - commit_granule_words: 8192.
 - virtual_space_node_default_size: 1048576.
 - enlarge_chunks_in_place: 1.
 - new_chunks_are_fully_committed: 0.
 - uncommit_free_chunks: 1.
 - use_allocation_guard: 0.
 - handle_deallocations: 1.


Internal statistics:

num_allocs_failed_limit: 0.
num_arena_births: 142.
num_arena_deaths: 0.
num_vsnodes_births: 3.
num_vsnodes_deaths: 0.
num_space_committed: 156.
num_space_uncommitted: 0.
num_chunks_returned_to_freelist: 0.
num_chunks_taken_from_freelist: 413.
num_chunk_merges: 0.
num_chunk_splits: 283.
num_chunks_enlarged: 218.
num_purges: 0.
num_inconsistent_stats: 0.

CodeHeap 'non-profiled nmethods': size=120000Kb used=506Kb max_used=506Kb free=119493Kb
 bounds [0x000001954efb0000, 0x000001954f220000, 0x00000195564e0000]
CodeHeap 'profiled nmethods': size=120000Kb used=2291Kb max_used=2291Kb free=117708Kb
 bounds [0x0000019547a80000, 0x0000019547cf0000, 0x000001954efb0000]
CodeHeap 'non-nmethods': size=5760Kb used=1284Kb max_used=1327Kb free=4475Kb
 bounds [0x00000195474e0000, 0x0000019547750000, 0x0000019547a80000]
 total_blobs=1932 nmethods=1320 adapters=525
 compilation: enabled
              stopped_count=0, restarted_count=0
 full_count=0

Compilation events (20 events):
Event: 1.683 Thread 0x000001955d42c4f0 nmethod 1311 0x000001954f02af90 code [0x000001954f02b120, 0x000001954f02b1f8]
Event: 1.683 Thread 0x000001955d42c4f0 1313       3       java.lang.Class::reflectionData (43 bytes)
Event: 1.684 Thread 0x000001955d42c4f0 nmethod 1313 0x0000019547cb9790 code [0x0000019547cb9960, 0x0000019547cb9d78]
Event: 1.686 Thread 0x000001955d42c4f0 1314       3       java.lang.invoke.MethodHandles$Lookup$ClassFile::readUnsignedShort (39 bytes)
Event: 1.687 Thread 0x000001955d42c4f0 nmethod 1314 0x0000019547cb9e90 code [0x0000019547cba040, 0x0000019547cba248]
Event: 1.687 Thread 0x000001955d42c4f0 1315       3       jdk.internal.org.objectweb.asm.ClassReader::<init> (371 bytes)
Event: 1.688 Thread 0x000001955d42c4f0 nmethod 1315 0x0000019547cba390 code [0x0000019547cba680, 0x0000019547cbba18]
Event: 1.688 Thread 0x000001955d42c4f0 1316       1       jdk.internal.org.objectweb.asm.ClassReader::getMaxStringLength (5 bytes)
Event: 1.688 Thread 0x000001955d42c4f0 nmethod 1316 0x000001954f02b290 code [0x000001954f02b420, 0x000001954f02b4f8]
Event: 1.695 Thread 0x000001955d42c4f0 1317       3       java.lang.invoke.MethodHandleNatives::canBeCalledVirtual (50 bytes)
Event: 1.695 Thread 0x000001955d42c4f0 nmethod 1317 0x0000019547cbbf90 code [0x0000019547cbc180, 0x0000019547cbc648]
Event: 1.697 Thread 0x000001955d42ba50 nmethod 1291 0x000001954f02b590 code [0x000001954f02b760, 0x000001954f02ca18]
Event: 1.697 Thread 0x000001955d42ba50 1297       4       jdk.internal.org.objectweb.asm.SymbolTable$Entry::<init> (17 bytes)
Event: 1.699 Thread 0x000001955d42ba50 nmethod 1297 0x000001954f02d290 code [0x000001954f02d400, 0x000001954f02d638]
Event: 1.699 Thread 0x000001955d42ba50 1299       4       java.util.ArrayList::<init> (12 bytes)
Event: 1.700 Thread 0x000001955d42ba50 nmethod 1299 0x000001954f02d690 code [0x000001954f02d800, 0x000001954f02d958]
Event: 1.700 Thread 0x000001955d42ba50 1312       4       java.lang.String::toString (2 bytes)
Event: 1.700 Thread 0x000001955d42ba50 nmethod 1312 0x000001954f02da10 code [0x000001954f02db80, 0x000001954f02dbf8]
Event: 1.703 Thread 0x000001955d42c4f0 1318       3       java.lang.Character::isSurrogate (18 bytes)
Event: 1.704 Thread 0x000001955d42c4f0 nmethod 1318 0x0000019547cbc810 code [0x0000019547cbc9a0, 0x0000019547cbcb38]

GC Heap History (4 events):
Event: 0.721 GC heap before
{Heap before GC invocations=0 (full 0):
 garbage-first heap   total 129024K, used 13312K [0x0000000082000000, 0x0000000100000000)
  region size 1024K, 13 young (13312K), 0 survivors (0K)
 Metaspace       used 2894K, committed 3072K, reserved 1056768K
  class space    used 306K, committed 384K, reserved 1048576K
}
Event: 0.725 GC heap after
{Heap after GC invocations=1 (full 0):
 garbage-first heap   total 129024K, used 1930K [0x0000000082000000, 0x0000000100000000)
  region size 1024K, 2 young (2048K), 2 survivors (2048K)
 Metaspace       used 2894K, committed 3072K, reserved 1056768K
  class space    used 306K, committed 384K, reserved 1048576K
}
Event: 1.259 GC heap before
{Heap before GC invocations=1 (full 0):
 garbage-first heap   total 129024K, used 26506K [0x0000000082000000, 0x0000000100000000)
  region size 1024K, 19 young (19456K), 2 survivors (2048K)
 Metaspace       used 8340K, committed 8512K, reserved 1056768K
  class space    used 1076K, committed 1152K, reserved 1048576K
}
Event: 1.263 GC heap after
{Heap after GC invocations=2 (full 0):
 garbage-first heap   total 129024K, used 12424K [0x0000000082000000, 0x0000000100000000)
  region size 1024K, 3 young (3072K), 3 survivors (3072K)
 Metaspace       used 8340K, committed 8512K, reserved 1056768K
  class space    used 1076K, committed 1152K, reserved 1048576K
}

Deoptimization events (20 events):
Event: 1.522 Thread 0x000001955ec947c0 DEOPT PACKING pc=0x0000019547caa5a2 sp=0x0000007e718fd610
Event: 1.522 Thread 0x000001955ec947c0 DEOPT UNPACKING pc=0x0000019547532b43 sp=0x0000007e718fcac8 mode 0
Event: 1.522 Thread 0x000001955ec947c0 DEOPT PACKING pc=0x0000019547caa5a2 sp=0x0000007e718fd610
Event: 1.522 Thread 0x000001955ec947c0 DEOPT UNPACKING pc=0x0000019547532b43 sp=0x0000007e718fcac8 mode 0
Event: 1.525 Thread 0x000001955ec947c0 DEOPT PACKING pc=0x0000019547caa5a2 sp=0x0000007e718fd610
Event: 1.525 Thread 0x000001955ec947c0 DEOPT UNPACKING pc=0x0000019547532b43 sp=0x0000007e718fcac8 mode 0
Event: 1.525 Thread 0x000001955ec947c0 DEOPT PACKING pc=0x0000019547caa5a2 sp=0x0000007e718fd610
Event: 1.525 Thread 0x000001955ec947c0 DEOPT UNPACKING pc=0x0000019547532b43 sp=0x0000007e718fcac8 mode 0
Event: 1.615 Thread 0x000001955ec947c0 DEOPT PACKING pc=0x0000019547c3197f sp=0x0000007e718fd7a0
Event: 1.615 Thread 0x000001955ec947c0 DEOPT UNPACKING pc=0x0000019547532b43 sp=0x0000007e718fcc30 mode 0
Event: 1.637 Thread 0x000001955ec947c0 DEOPT PACKING pc=0x0000019547c32c1b sp=0x0000007e718fd7a0
Event: 1.637 Thread 0x000001955ec947c0 DEOPT UNPACKING pc=0x0000019547532b43 sp=0x0000007e718fcc30 mode 0
Event: 1.648 Thread 0x000001955ec947c0 Uncommon trap: trap_request=0xffffff45 fr.pc=0x000001954f00b0dc relative=0x0000000000000cbc
Event: 1.648 Thread 0x000001955ec947c0 Uncommon trap: reason=unstable_if action=reinterpret pc=0x000001954f00b0dc method=com.sun.javafx.image.impl.BaseByteToByteConverter$FourByteReorderer.doConvert([BII[BIIII)V @ 31 c2
Event: 1.648 Thread 0x000001955ec947c0 DEOPT PACKING pc=0x000001954f00b0dc sp=0x0000007e718fd760
Event: 1.648 Thread 0x000001955ec947c0 DEOPT UNPACKING pc=0x00000195475323a3 sp=0x0000007e718fd730 mode 2
Event: 1.670 Thread 0x000001955ec947c0 Uncommon trap: trap_request=0xffffffc6 fr.pc=0x000001954f000428 relative=0x0000000000000548
Event: 1.670 Thread 0x000001955ec947c0 Uncommon trap: reason=bimorphic_or_optimized_type_check action=maybe_recompile pc=0x000001954f000428 method=java.util.concurrent.ConcurrentHashMap.get(Ljava/lang/Object;)Ljava/lang/Object; @ 149 c2
Event: 1.670 Thread 0x000001955ec947c0 DEOPT PACKING pc=0x000001954f000428 sp=0x0000007e718fcd40
Event: 1.670 Thread 0x000001955ec947c0 DEOPT UNPACKING pc=0x00000195475323a3 sp=0x0000007e718fcce0 mode 2

Classes unloaded (0 events):
No events

Classes redefined (0 events):
No events

Internal exceptions (20 events):
Event: 0.328 Thread 0x000001955e8a9830 Exception <a 'java/lang/ClassNotFoundException'{0x00000000897dde30}: jdk/net/ExtendedSocketOptions> (0x00000000897dde30) 
thrown [t:\workspace\open\src\hotspot\share\classfile\systemDictionary.cpp, line 256]
Event: 0.706 Thread 0x000001953fc7e220 Exception <a 'java/lang/NoSuchMethodError'{0x00000000891b6830}: 'void java.lang.invoke.DirectMethodHandle$Holder.invokeSpecial(java.lang.Object, java.lang.Object, java.lang.Object)'> (0x00000000891b6830) 
thrown [t:\workspace\open\src\hotspot\share\interpreter\linkResolver.cpp, line 766]
Event: 0.719 Thread 0x000001953fc7e220 Exception <a 'java/lang/NoSuchMethodError'{0x00000000891ed648}: 'void java.lang.invoke.DirectMethodHandle$Holder.invokeStatic(java.lang.Object, java.lang.Object, java.lang.Object)'> (0x00000000891ed648) 
thrown [t:\workspace\open\src\hotspot\share\interpreter\linkResolver.cpp, line 766]
Event: 0.761 Thread 0x000001953fc7e220 Exception <a 'java/lang/NoSuchMethodError'{0x0000000089c16ff0}: 'int java.lang.invoke.DirectMethodHandle$Holder.invokeStaticInit(java.lang.Object, java.lang.Object, java.lang.Object)'> (0x0000000089c16ff0) 
thrown [t:\workspace\open\src\hotspot\share\interpreter\linkResolver.cpp, line 766]
Event: 0.785 Thread 0x000001953fc7e220 Exception <a 'java/lang/NoSuchMethodError'{0x0000000089cd6aa0}: 'java.lang.Object java.lang.invoke.DirectMethodHandle$Holder.newInvokeSpecial(java.lang.Object, java.lang.Object, int, java.lang.Object)'> (0x0000000089cd6aa0) 
thrown [t:\workspace\open\src\hotspot\share\interpreter\linkResolver.cpp, line 766]
Event: 0.785 Thread 0x000001953fc7e220 Exception <a 'java/lang/NoSuchMethodError'{0x0000000089cdae80}: 'java.lang.Object java.lang.invoke.DirectMethodHandle$Holder.invokeSpecial(java.lang.Object, java.lang.Object, java.lang.Object, int, java.lang.Object)'> (0x0000000089cdae80) 
thrown [t:\workspace\open\src\hotspot\share\interpreter\linkResolver.cpp, line 766]
Event: 0.862 Thread 0x000001955ec947c0 Exception <a 'java/lang/NoSuchMethodError'{0x000000008994e320}: 'void java.lang.invoke.DirectMethodHandle$Holder.invokeStaticInit(java.lang.Object)'> (0x000000008994e320) 
thrown [t:\workspace\open\src\hotspot\share\interpreter\linkResolver.cpp, line 766]
Event: 0.865 Thread 0x000001953fc7e220 Exception <a 'java/lang/NoSuchMethodError'{0x0000000089cf0040}: 'java.lang.Object java.lang.invoke.DirectMethodHandle$Holder.newInvokeSpecial(java.lang.Object, java.lang.Object, java.lang.Object, java.lang.Object, java.lang.Object, java.lang.Object)'> (0x0000000089cf0040) 
thrown [t:\workspace\open\src\hotspot\share\interpreter\linkResolver.cpp, line 766]
Event: 0.893 Thread 0x000001953fc7e220 Exception <a 'java/lang/NoSuchMethodError'{0x0000000089821550}: 'java.lang.Object java.lang.invoke.DirectMethodHandle$Holder.newInvokeSpecial(java.lang.Object, java.lang.Object, java.lang.Object, java.lang.Object, java.lang.Object)'> (0x0000000089821550) 
thrown [t:\workspace\open\src\hotspot\share\interpreter\linkResolver.cpp, line 766]
Event: 0.895 Thread 0x000001955ec6db50 Exception <a 'java/lang/NoSuchMethodError'{0x000000008985b328}: 'void java.lang.invoke.DirectMethodHandle$Holder.invokeStatic(java.lang.Object, java.lang.Object, java.lang.Object, java.lang.Object)'> (0x000000008985b328) 
thrown [t:\workspace\open\src\hotspot\share\interpreter\linkResolver.cpp, line 766]
Event: 0.950 Thread 0x000001955ec947c0 Exception <a 'sun/nio/fs/WindowsException'{0x00000000895bc020}> (0x00000000895bc020) 
thrown [t:\workspace\open\src\hotspot\share\prims\jni.cpp, line 516]
Event: 1.007 Thread 0x000001955ec947c0 Exception <a 'java/lang/NoSuchMethodError'{0x0000000089223da0}: 'java.lang.Object java.lang.invoke.DirectMethodHandle$Holder.invokeStaticInit(java.lang.Object, java.lang.Object, java.lang.Object, java.lang.Object)'> (0x0000000089223da0) 
thrown [t:\workspace\open\src\hotspot\share\interpreter\linkResolver.cpp, line 766]
Event: 1.009 Thread 0x000001955ec947c0 Exception <a 'java/lang/NullPointerException'{0x000000008922fa68}> (0x000000008922fa68) 
thrown [t:\workspace\open\src\hotspot\share\interpreter\linkResolver.cpp, line 1357]
Event: 1.239 Thread 0x000001955ec947c0 Exception <a 'java/lang/ClassNotFoundException'{0x0000000088cda028}: com/sun/glass/ui/win/themes> (0x0000000088cda028) 
thrown [t:\workspace\open\src\hotspot\share\prims\jni.cpp, line 535]
Event: 1.240 Thread 0x000001955ec947c0 Exception <a 'java/lang/ClassNotFoundException'{0x0000000088ce2138}: com/sun/glass/ui/win/themes_en> (0x0000000088ce2138) 
thrown [t:\workspace\open\src\hotspot\share\prims\jni.cpp, line 535]
Event: 1.240 Thread 0x000001955ec947c0 Exception <a 'java/lang/ClassNotFoundException'{0x0000000088cee4a8}: com/sun/glass/ui/win/themes_en_US> (0x0000000088cee4a8) 
thrown [t:\workspace\open\src\hotspot\share\prims\jni.cpp, line 535]
Event: 1.373 Thread 0x000001955ec947c0 Exception <a 'java/lang/NoSuchMethodError'{0x0000000089af64d8}: 'void java.lang.invoke.DirectMethodHandle$Holder.invokeStaticInit(java.lang.Object, java.lang.Object)'> (0x0000000089af64d8) 
thrown [t:\workspace\open\src\hotspot\share\interpreter\linkResolver.cpp, line 766]
Event: 1.377 Thread 0x000001955ec947c0 Exception <a 'java/lang/NoSuchMethodError'{0x000000008992be50}: 'void java.lang.invoke.DirectMethodHandle$Holder.invokeSpecial(java.lang.Object, java.lang.Object, java.lang.Object, java.lang.Object, java.lang.Object)'> (0x000000008992be50) 
thrown [t:\workspace\open\src\hotspot\share\interpreter\linkResolver.cpp, line 766]
Event: 1.390 Thread 0x000001955ec947c0 Exception <a 'sun/nio/fs/WindowsException'{0x0000000089836a38}> (0x0000000089836a38) 
thrown [t:\workspace\open\src\hotspot\share\prims\jni.cpp, line 516]
Event: 1.701 Thread 0x000001953fc7e220 Exception <a 'java/lang/reflect/InvocationTargetException'{0x0000000089582010}> (0x0000000089582010) 
thrown [t:\workspace\open\src\hotspot\share\runtime\reflection.cpp, line 1121]

VM Operations (14 events):
Event: 0.198 Executing VM operation: HandshakeAllThreads
Event: 0.198 Executing VM operation: HandshakeAllThreads done
Event: 0.198 Executing VM operation: HandshakeAllThreads
Event: 0.198 Executing VM operation: HandshakeAllThreads done
Event: 0.258 Executing VM operation: HandshakeAllThreads
Event: 0.258 Executing VM operation: HandshakeAllThreads done
Event: 0.721 Executing VM operation: G1CollectForAllocation
Event: 0.725 Executing VM operation: G1CollectForAllocation done
Event: 0.773 Executing VM operation: HandshakeAllThreads
Event: 0.773 Executing VM operation: HandshakeAllThreads done
Event: 1.258 Executing VM operation: G1CollectForAllocation
Event: 1.263 Executing VM operation: G1CollectForAllocation done
Event: 1.285 Executing VM operation: HandshakeAllThreads
Event: 1.291 Executing VM operation: HandshakeAllThreads done

Events (20 events):
Event: 1.440 loading class sun/nio/cs/UTF_16BE$Decoder
Event: 1.440 loading class sun/nio/cs/UnicodeDecoder
Event: 1.440 loading class sun/nio/cs/UnicodeDecoder done
Event: 1.440 loading class sun/nio/cs/UTF_16BE$Decoder done
Event: 1.668 loading class java/lang/annotation/Documented
Event: 1.668 loading class java/lang/annotation/Documented done
Event: 1.670 loading class java/lang/reflect/UndeclaredThrowableException
Event: 1.670 loading class java/lang/reflect/UndeclaredThrowableException done
Event: 1.685 loading class com/sun/org/apache/xerces/internal/impl/XMLStreamReaderImpl$1
Event: 1.685 loading class javax/xml/stream/Location
Event: 1.685 loading class javax/xml/stream/Location done
Event: 1.685 loading class com/sun/org/apache/xerces/internal/impl/XMLStreamReaderImpl$1 done
Event: 1.693 loading class java/lang/invoke/MethodHandle$1
Event: 1.694 loading class java/lang/invoke/MethodHandle$1 done
Event: 1.700 Thread 0x000001955ec947c0 Thread exited: 0x000001955ec947c0
Event: 1.701 Thread 0x000001955ec6db50 Thread exited: 0x000001955ec6db50
Event: 1.701 loading class java/lang/Throwable$WrappedPrintStream
Event: 1.701 loading class java/lang/Throwable$PrintStreamOrWriter
Event: 1.701 loading class java/lang/Throwable$PrintStreamOrWriter done
Event: 1.701 loading class java/lang/Throwable$WrappedPrintStream done


Dynamic libraries:
0x00007ff694d20000 - 0x00007ff694d30000 	C:\Program Files\Java\jdk-17.0.2\bin\java.exe
0x00007ff847350000 - 0x00007ff847545000 	C:\Windows\SYSTEM32\ntdll.dll
0x00007ff845930000 - 0x00007ff8459ed000 	C:\Windows\System32\KERNEL32.DLL
0x00007ff844c40000 - 0x00007ff844f0d000 	C:\Windows\System32\KERNELBASE.dll
0x00007ff845200000 - 0x00007ff845300000 	C:\Windows\System32\ucrtbase.dll
0x00007ff837170000 - 0x00007ff83718a000 	C:\Program Files\Java\jdk-17.0.2\bin\VCRUNTIME140.dll
0x00007ff837190000 - 0x00007ff8371a8000 	C:\Program Files\Java\jdk-17.0.2\bin\jli.dll
0x00007ff846c90000 - 0x00007ff846d3e000 	C:\Windows\System32\ADVAPI32.dll
0x00007ff845e70000 - 0x00007ff845f0e000 	C:\Windows\System32\msvcrt.dll
0x00007ff8453a0000 - 0x00007ff84543c000 	C:\Windows\System32\sechost.dll
0x00007ff845f10000 - 0x00007ff846035000 	C:\Windows\System32\RPCRT4.dll
0x00007ff845790000 - 0x00007ff845930000 	C:\Windows\System32\USER32.dll
0x00007ff844bc0000 - 0x00007ff844be2000 	C:\Windows\System32\win32u.dll
0x00007ff8455f0000 - 0x00007ff84561a000 	C:\Windows\System32\GDI32.dll
0x00007ff844f10000 - 0x00007ff84501b000 	C:\Windows\System32\gdi32full.dll
0x00007ff829fc0000 - 0x00007ff82a25a000 	C:\Windows\WinSxS\amd64_microsoft.windows.common-controls_6595b64144ccf1df_6.0.19041.1110_none_60b5254171f9507e\COMCTL32.dll
0x00007ff845300000 - 0x00007ff84539d000 	C:\Windows\System32\msvcp_win.dll
0x00007ff83beb0000 - 0x00007ff83beba000 	C:\Windows\SYSTEM32\VERSION.dll
0x00007ff8472e0000 - 0x00007ff847310000 	C:\Windows\System32\IMM32.DLL
0x00007ff842230000 - 0x00007ff84223c000 	C:\Program Files\Java\jdk-17.0.2\bin\vcruntime140_1.dll
0x00007ff82b0c0000 - 0x00007ff82b14d000 	C:\Program Files\Java\jdk-17.0.2\bin\msvcp140.dll
0x00007ffff78b0000 - 0x00007ffff8471000 	C:\Program Files\Java\jdk-17.0.2\bin\server\jvm.dll
0x00007ff846e50000 - 0x00007ff846e58000 	C:\Windows\System32\PSAPI.DLL
0x00007ff83e8e0000 - 0x00007ff83e8e9000 	C:\Windows\SYSTEM32\WSOCK32.dll
0x00007ff846970000 - 0x00007ff8469db000 	C:\Windows\System32\WS2_32.dll
0x00007ff8287c0000 - 0x00007ff8287e7000 	C:\Windows\SYSTEM32\WINMM.dll
0x00007ff842920000 - 0x00007ff842932000 	C:\Windows\SYSTEM32\kernel.appcore.dll
0x00007ff83ecc0000 - 0x00007ff83ecca000 	C:\Program Files\Java\jdk-17.0.2\bin\jimage.dll
0x00007ff82d440000 - 0x00007ff82d624000 	C:\Windows\SYSTEM32\DBGHELP.DLL
0x00007ff82c9c0000 - 0x00007ff82c9ec000 	C:\Windows\SYSTEM32\dbgcore.DLL
0x00007ff845050000 - 0x00007ff8450d2000 	C:\Windows\System32\bcryptPrimitives.dll
0x00007ff83e8d0000 - 0x00007ff83e8de000 	C:\Program Files\Java\jdk-17.0.2\bin\instrument.dll
0x00007ff836d80000 - 0x00007ff836da5000 	C:\Program Files\Java\jdk-17.0.2\bin\java.dll
0x00007ff82afe0000 - 0x00007ff82b0b6000 	C:\Program Files\Java\jdk-17.0.2\bin\jsvml.dll
0x00007ff846040000 - 0x00007ff846784000 	C:\Windows\System32\SHELL32.dll
0x00007ff842b20000 - 0x00007ff8432b4000 	C:\Windows\SYSTEM32\windows.storage.dll
0x00007ff846f80000 - 0x00007ff8472d4000 	C:\Windows\System32\combase.dll
0x00007ff8443e0000 - 0x00007ff84440c000 	C:\Windows\SYSTEM32\Wldp.dll
0x00007ff845620000 - 0x00007ff8456cd000 	C:\Windows\System32\SHCORE.dll
0x00007ff845730000 - 0x00007ff845785000 	C:\Windows\System32\shlwapi.dll
0x00007ff8449a0000 - 0x00007ff8449bf000 	C:\Windows\SYSTEM32\profapi.dll
0x00007ff837120000 - 0x00007ff837139000 	C:\Program Files\Java\jdk-17.0.2\bin\net.dll
0x00007ff83bda0000 - 0x00007ff83beaa000 	C:\Windows\SYSTEM32\WINHTTP.dll
0x00007ff8441c0000 - 0x00007ff84422a000 	C:\Windows\system32\mswsock.dll
0x00007ff836d60000 - 0x00007ff836d76000 	C:\Program Files\Java\jdk-17.0.2\bin\nio.dll
0x00007ff836c30000 - 0x00007ff836c48000 	C:\Program Files\Java\jdk-17.0.2\bin\zip.dll
0x00007ff8369b0000 - 0x00007ff8369ca000 	C:\Program Files\JetBrains\IntelliJ IDEA Community Edition 2021.3.2\bin\breakgen64.dll
0x000001953dc90000 - 0x000001953dc93000 	C:\Users\igorv\.openjfx\cache\17.0.1\api-ms-win-core-console-l1-1-0.dll
0x000001953dca0000 - 0x000001953dca3000 	C:\Users\igorv\.openjfx\cache\17.0.1\api-ms-win-core-console-l1-2-0.dll
0x000001953fba0000 - 0x000001953fba3000 	C:\Users\igorv\.openjfx\cache\17.0.1\api-ms-win-core-datetime-l1-1-0.dll
0x000001953fbb0000 - 0x000001953fbb3000 	C:\Users\igorv\.openjfx\cache\17.0.1\api-ms-win-core-debug-l1-1-0.dll
0x000001953fbc0000 - 0x000001953fbc3000 	C:\Users\igorv\.openjfx\cache\17.0.1\api-ms-win-core-errorhandling-l1-1-0.dll
0x000001953fbd0000 - 0x000001953fbd4000 	C:\Users\igorv\.openjfx\cache\17.0.1\api-ms-win-core-file-l1-1-0.dll
0x000001953fbe0000 - 0x000001953fbe3000 	C:\Users\igorv\.openjfx\cache\17.0.1\api-ms-win-core-file-l1-2-0.dll
0x000001953fbf0000 - 0x000001953fbf3000 	C:\Users\igorv\.openjfx\cache\17.0.1\api-ms-win-core-file-l2-1-0.dll
0x000001953fc00000 - 0x000001953fc03000 	C:\Users\igorv\.openjfx\cache\17.0.1\api-ms-win-core-handle-l1-1-0.dll
0x000001953fc10000 - 0x000001953fc13000 	C:\Users\igorv\.openjfx\cache\17.0.1\api-ms-win-core-heap-l1-1-0.dll
0x000001953fc20000 - 0x000001953fc23000 	C:\Users\igorv\.openjfx\cache\17.0.1\api-ms-win-core-interlocked-l1-1-0.dll
0x000001953fc30000 - 0x000001953fc33000 	C:\Users\igorv\.openjfx\cache\17.0.1\api-ms-win-core-libraryloader-l1-1-0.dll
0x000001953fc40000 - 0x000001953fc43000 	C:\Users\igorv\.openjfx\cache\17.0.1\api-ms-win-core-localization-l1-2-0.dll
0x000001953fc50000 - 0x000001953fc53000 	C:\Users\igorv\.openjfx\cache\17.0.1\api-ms-win-core-memory-l1-1-0.dll
0x000001955d5e0000 - 0x000001955d5e3000 	C:\Users\igorv\.openjfx\cache\17.0.1\api-ms-win-core-namedpipe-l1-1-0.dll
0x000001955d5f0000 - 0x000001955d5f3000 	C:\Users\igorv\.openjfx\cache\17.0.1\api-ms-win-core-processenvironment-l1-1-0.dll
0x000001955d600000 - 0x000001955d603000 	C:\Users\igorv\.openjfx\cache\17.0.1\api-ms-win-core-processthreads-l1-1-0.dll
0x000001955d610000 - 0x000001955d613000 	C:\Users\igorv\.openjfx\cache\17.0.1\api-ms-win-core-processthreads-l1-1-1.dll
0x000001955d620000 - 0x000001955d623000 	C:\Users\igorv\.openjfx\cache\17.0.1\api-ms-win-core-profile-l1-1-0.dll
0x000001955d630000 - 0x000001955d633000 	C:\Users\igorv\.openjfx\cache\17.0.1\api-ms-win-core-rtlsupport-l1-1-0.dll
0x000001955d640000 - 0x000001955d643000 	C:\Users\igorv\.openjfx\cache\17.0.1\api-ms-win-core-string-l1-1-0.dll
0x000001955d650000 - 0x000001955d653000 	C:\Users\igorv\.openjfx\cache\17.0.1\api-ms-win-core-synch-l1-1-0.dll
0x000001955d660000 - 0x000001955d663000 	C:\Users\igorv\.openjfx\cache\17.0.1\api-ms-win-core-synch-l1-2-0.dll
0x000001955d670000 - 0x000001955d673000 	C:\Users\igorv\.openjfx\cache\17.0.1\api-ms-win-core-sysinfo-l1-1-0.dll
0x000001955d680000 - 0x000001955d683000 	C:\Users\igorv\.openjfx\cache\17.0.1\api-ms-win-core-timezone-l1-1-0.dll
0x000001955d690000 - 0x000001955d693000 	C:\Users\igorv\.openjfx\cache\17.0.1\api-ms-win-core-util-l1-1-0.dll
0x000001955d6a0000 - 0x000001955d6a3000 	C:\Users\igorv\.openjfx\cache\17.0.1\api-ms-win-crt-conio-l1-1-0.dll
0x000001955d6b0000 - 0x000001955d6b4000 	C:\Users\igorv\.openjfx\cache\17.0.1\api-ms-win-crt-convert-l1-1-0.dll
0x000001955d6c0000 - 0x000001955d6c3000 	C:\Users\igorv\.openjfx\cache\17.0.1\api-ms-win-crt-environment-l1-1-0.dll
0x000001955d6d0000 - 0x000001955d6d3000 	C:\Users\igorv\.openjfx\cache\17.0.1\api-ms-win-crt-filesystem-l1-1-0.dll
0x000001955d6e0000 - 0x000001955d6e3000 	C:\Users\igorv\.openjfx\cache\17.0.1\api-ms-win-crt-heap-l1-1-0.dll
0x000001955d6f0000 - 0x000001955d6f3000 	C:\Users\igorv\.openjfx\cache\17.0.1\api-ms-win-crt-locale-l1-1-0.dll
0x000001955d700000 - 0x000001955d705000 	C:\Users\igorv\.openjfx\cache\17.0.1\api-ms-win-crt-math-l1-1-0.dll
0x000001955d710000 - 0x000001955d715000 	C:\Users\igorv\.openjfx\cache\17.0.1\api-ms-win-crt-multibyte-l1-1-0.dll
0x000001955d720000 - 0x000001955d730000 	C:\Users\igorv\.openjfx\cache\17.0.1\api-ms-win-crt-private-l1-1-0.dll
0x000001955d730000 - 0x000001955d733000 	C:\Users\igorv\.openjfx\cache\17.0.1\api-ms-win-crt-process-l1-1-0.dll
0x000001955d740000 - 0x000001955d744000 	C:\Users\igorv\.openjfx\cache\17.0.1\api-ms-win-crt-runtime-l1-1-0.dll
0x000001955d750000 - 0x000001955d754000 	C:\Users\igorv\.openjfx\cache\17.0.1\api-ms-win-crt-stdio-l1-1-0.dll
0x000001955d760000 - 0x000001955d764000 	C:\Users\igorv\.openjfx\cache\17.0.1\api-ms-win-crt-string-l1-1-0.dll
0x000001955d770000 - 0x000001955d773000 	C:\Users\igorv\.openjfx\cache\17.0.1\api-ms-win-crt-time-l1-1-0.dll
0x000001955d780000 - 0x000001955d783000 	C:\Users\igorv\.openjfx\cache\17.0.1\api-ms-win-crt-utility-l1-1-0.dll
0x00007ff809be0000 - 0x00007ff809cdc000 	C:\Users\igorv\.openjfx\cache\17.0.1\ucrtbase.dll
0x00007ff836970000 - 0x00007ff83698a000 	C:\Users\igorv\.openjfx\cache\17.0.1\vcruntime140.dll
0x00007ff836c20000 - 0x00007ff836c2c000 	C:\Users\igorv\.openjfx\cache\17.0.1\vcruntime140_1.dll
0x00007ff80e1f0000 - 0x00007ff80e27d000 	C:\Users\igorv\.openjfx\cache\17.0.1\msvcp140.dll
0x00007ff8261c0000 - 0x00007ff8261ea000 	C:\Users\igorv\.openjfx\cache\17.0.1\prism_d3d.dll
0x00007ff803d10000 - 0x00007ff803edf000 	C:\Windows\system32\d3d9.dll
0x00007ff842740000 - 0x00007ff84276f000 	C:\Windows\SYSTEM32\dwmapi.dll
0x00007ff842440000 - 0x00007ff8424de000 	C:\Windows\system32\uxtheme.dll
0x00007ff846790000 - 0x00007ff8468ba000 	C:\Windows\System32\ole32.dll
0x00007ff8469e0000 - 0x00007ff846aad000 	C:\Windows\System32\OLEAUT32.dll
0x00007ff844bf0000 - 0x00007ff844c3e000 	C:\Windows\System32\cfgmgr32.dll
0x00007ff845020000 - 0x00007ff845047000 	C:\Windows\System32\bcrypt.dll
0x00007ff821ee0000 - 0x00007ff821f22000 	C:\Users\igorv\.openjfx\cache\17.0.1\glass.dll
0x00007ff846bb0000 - 0x00007ff846c8b000 	C:\Windows\System32\COMDLG32.dll
0x00007ff846e60000 - 0x00007ff846f75000 	C:\Windows\System32\MSCTF.dll
0x00007ff83bec0000 - 0x00007ff83befb000 	C:\Windows\SYSTEM32\dxcore.dll
0x00007ff82c930000 - 0x00007ff82c944000 	C:\Users\igorv\.openjfx\cache\17.0.1\javafx_font.dll
0x00007ff817ee0000 - 0x00007ff81815f000 	C:\Windows\SYSTEM32\dwrite.dll

dbghelp: loaded successfully - version: 4.0.5 - missing functions: none
symbol engine: initialized successfully - sym options: 0x614 - pdb path: .;C:\Program Files\Java\jdk-17.0.2\bin;C:\Windows\SYSTEM32;C:\Windows\WinSxS\amd64_microsoft.windows.common-controls_6595b64144ccf1df_6.0.19041.1110_none_60b5254171f9507e;C:\Program Files\Java\jdk-17.0.2\bin\server;C:\Program Files\JetBrains\IntelliJ IDEA Community Edition 2021.3.2\bin;C:\Users\igorv\.openjfx\cache\17.0.1;C:\Windows\System32\DriverStore\FileRepository\iigd_dch.inf_amd64_1dc9fc8d5e442f6a

VM Arguments:
jvm_args: -javaagent:C:\Program Files\JetBrains\IntelliJ IDEA Community Edition 2021.3.2\lib\idea_rt.jar=53097:C:\Program Files\JetBrains\IntelliJ IDEA Community Edition 2021.3.2\bin -Dfile.encoding=UTF-8 --module-path=C:\Users\igorv\.m2\repository\org\openjfx\javafx-fxml\17.0.1\javafx-fxml-17.0.1-win.jar;C:\Users\igorv\.m2\repository\org\openjfx\javafx-controls\17.0.1\javafx-controls-17.0.1-win.jar;C:\Users\igorv\IdeaProjects\demo\Ispitni_rokovi\target\classes;C:\Users\igorv\.m2\repository\org\openjfx\javafx-base\17.0.1\javafx-base-17.0.1-win.jar;C:\Users\igorv\.m2\repository\org\openjfx\javafx-graphics\17.0.1\javafx-graphics-17.0.1-win.jar -Djdk.module.main=com.example.ispitni_rokovi 
java_command: com.example.ispitni_rokovi/com.example.ispitni_rokovi.Program
java_class_path (initial): C:\Users\igorv\.m2\repository\org\openjfx\javafx-controls\17.0.1\javafx-controls-17.0.1.jar;C:\Users\igorv\.m2\repository\org\openjfx\javafx-graphics\17.0.1\javafx-graphics-17.0.1.jar;C:\Users\igorv\.m2\repository\org\openjfx\javafx-base\17.0.1\javafx-base-17.0.1.jar;C:\Users\igorv\.m2\repository\org\openjfx\javafx-fxml\17.0.1\javafx-fxml-17.0.1.jar;C:\Users\igorv\IdeaProjects\demo\Ispitni_rokovi\lib\mysql-connector-java-8.0.29.jar
Launcher Type: SUN_STANDARD

[Global flags]
     intx CICompilerCount                          = 3                                         {product} {ergonomic}
     uint ConcGCThreads                            = 1                                         {product} {ergonomic}
     uint G1ConcRefinementThreads                  = 4                                         {product} {ergonomic}
   size_t G1HeapRegionSize                         = 1048576                                   {product} {ergonomic}
    uintx GCDrainStackTargetSize                   = 64                                        {product} {ergonomic}
   size_t InitialHeapSize                          = 132120576                                 {product} {ergonomic}
   size_t MarkStackSize                            = 4194304                                   {product} {ergonomic}
   size_t MaxHeapSize                              = 2113929216                                {product} {ergonomic}
   size_t MaxNewSize                               = 1267728384                                {product} {ergonomic}
   size_t MinHeapDeltaBytes                        = 1048576                                   {product} {ergonomic}
   size_t MinHeapSize                              = 8388608                                   {product} {ergonomic}
    uintx NonNMethodCodeHeapSize                   = 5832780                                {pd product} {ergonomic}
    uintx NonProfiledCodeHeapSize                  = 122912730                              {pd product} {ergonomic}
    uintx ProfiledCodeHeapSize                     = 122912730                              {pd product} {ergonomic}
    uintx ReservedCodeCacheSize                    = 251658240                              {pd product} {ergonomic}
     bool SegmentedCodeCache                       = true                                      {product} {ergonomic}
   size_t SoftMaxHeapSize                          = 2113929216                             {manageable} {ergonomic}
     bool UseCompressedClassPointers               = true                           {product lp64_product} {ergonomic}
     bool UseCompressedOops                        = true                           {product lp64_product} {ergonomic}
     bool UseG1GC                                  = true                                      {product} {ergonomic}
     bool UseLargePagesIndividualAllocation        = false                                  {pd product} {ergonomic}

Logging:
Log output configuration:
 #0: stdout all=warning uptime,level,tags
 #1: stderr all=off uptime,level,tags

Environment Variables:
PATH=C:\Program Files\Common Files\Oracle\Java\javapath;C:\Windows\system32;C:\Windows;C:\Windows\System32\Wbem;C:\Windows\System32\WindowsPowerShell\v1.0\;C:\Windows\System32\OpenSSH\;C:\Program Files\nodejs\;C:\php;C:\Program Files\Git\cmd;C:\xampp\php;C:\ProgramData\ComposerSetup\bin;C:\Program Files\Docker\Docker\resources\bin;C:\ProgramData\DockerDesktop\version-bin;C:\Users\igorv\AppData\Local\Programs\Python\Python310\Scripts\;C:\Users\igorv\AppData\Local\Programs\Python\Python310\;C:\Users\igorv\AppData\Local\Microsoft\WindowsApps;C:\Users\igorv\AppData\Roaming\npm;C:\Users\igorv\AppData\Roaming\Composer\vendor\bin;C:\Users\igorv\AppData\Local\Programs\Microsoft VS Code\bin;C:\Program Files\JetBrains\IntelliJ IDEA Community Edition 2021.3.2\bin;
USERNAME=igorv
OS=Windows_NT
PROCESSOR_IDENTIFIER=Intel64 Family 6 Model 142 Stepping 9, GenuineIntel



---------------  S Y S T E M  ---------------

OS:
 Windows 10 , 64 bit Build 19041 (10.0.19041.1706)
OS uptime: 9 days 23:44 hours
Hyper-V role detected

CPU: total 4 (initial active 4) (2 cores per cpu, 2 threads per core) family 6 model 142 stepping 9 microcode 0xb4, cx8, cmov, fxsr, ht, mmx, 3dnowpref, sse, sse2, sse3, ssse3, sse4.1, sse4.2, popcnt, lzcnt, tsc, tscinvbit, avx, avx2, aes, erms, clmul, bmi1, bmi2, adx, fma, vzeroupper, clflush, clflushopt, hv

Memory: 4k page, system-wide physical 8060M (2180M free)
TotalPageFile size 10634M (AvailPageFile size 3346M)
current process WorkingSet (physical memory assigned to process): 140M, peak: 152M
current process commit charge ("private bytes"): 253M, peak: 265M

vm_info: Java HotSpot(TM) 64-Bit Server VM (17.0.2+8-LTS-86) for windows-amd64 JRE (17.0.2+8-LTS-86), built on Dec  7 2021 21:51:03 by "mach5one" with MS VC++ 16.8 / 16.9 (VS2019)

END.
